2024-09-05 04:07:50,906 [INFO] User initiated data extraction for phone number: 3246559925
2024-09-05 04:07:50,907 [INFO] Initialized SimInfoExtractor for phone number: 3246559925
2024-09-05 04:07:50,907 [INFO] Fetching SimInfo data...
2024-09-05 04:07:53,796 [INFO] SimInfo data fetched successfully.
2024-09-05 04:07:53,797 [INFO] Parsing SimInfo data...
2024-09-05 04:07:53,834 [ERROR] Error parsing SimInfo data: 'NoneType' object has no attribute 'find_next_sibling'
2024-09-05 04:07:57,799 [INFO] Fetching SimOwnerData...
2024-09-05 04:07:59,146 [INFO] Parsing SimOwnerData...
2024-09-05 04:07:59,147 [INFO] SimOwnerData parsed successfully.
2024-09-05 04:07:59,147 [INFO] SimOwnerData fetched and parsed successfully.
2024-09-05 04:07:59,147 [INFO] Fetching SimDatabaseInfo...
2024-09-05 04:08:00,041 [INFO] Parsing SimDatabaseInfo...
2024-09-05 04:08:00,065 [INFO] SimDatabaseInfo parsed successfully.
2024-09-05 04:08:00,065 [INFO] SimDatabaseInfo fetched successfully.
2024-09-05 04:08:00,065 [INFO] Data exported to JSON file: 3246559925_sim_data.json
2024-09-05 04:14:21,946 [INFO] User initiated data extraction for phone number: 3246559925
2024-09-05 04:14:21,946 [INFO] Initialized SimInfoExtractor for phone number: 3246559925
2024-09-05 04:14:21,946 [INFO] Fetching SimInfo data...
2024-09-05 04:14:25,062 [INFO] SimInfo data fetched successfully.
2024-09-05 04:14:25,063 [INFO] Parsing SimInfo data...
2024-09-05 04:14:25,100 [WARNING] Missing Mobile # in the data.
2024-09-05 04:14:25,101 [WARNING] Missing Name in the data.
2024-09-05 04:14:25,101 [WARNING] Missing CNIC in the data.
2024-09-05 04:14:25,101 [WARNING] Missing Address in the data.
2024-09-05 04:14:25,101 [WARNING] Missing Operator in the data.
2024-09-05 04:14:25,101 [INFO] SimInfo data parsed successfully.
2024-09-05 04:14:25,101 [INFO] Fetching SimOwnerData...
2024-09-05 04:14:26,370 [INFO] Parsing SimOwnerData...
2024-09-05 04:14:26,370 [INFO] SimOwnerData parsed successfully.
2024-09-05 04:14:26,371 [INFO] SimOwnerData fetched and parsed successfully.
2024-09-05 04:14:26,371 [INFO] Fetching SimDatabaseInfo...
2024-09-05 04:14:27,526 [INFO] Parsing SimDatabaseInfo...
2024-09-05 04:14:27,550 [INFO] SimDatabaseInfo parsed successfully.
2024-09-05 04:14:27,550 [INFO] SimDatabaseInfo fetched successfully.
2024-09-05 04:14:27,550 [INFO] Data exported to JSON file: 3246559925_sim_data.json
2024-09-05 04:15:03,310 [INFO] User initiated data extraction for phone number: 3457962931
2024-09-05 04:15:03,311 [INFO] Initialized SimInfoExtractor for phone number: 3457962931
2024-09-05 04:15:03,311 [INFO] Fetching SimInfo data...
2024-09-05 04:15:05,915 [INFO] SimInfo data fetched successfully.
2024-09-05 04:15:05,916 [INFO] Parsing SimInfo data...
2024-09-05 04:15:05,955 [INFO] SimInfo data parsed successfully.
2024-09-05 04:15:05,955 [INFO] Fetching SimOwnerData...
2024-09-05 04:15:07,466 [INFO] Parsing SimOwnerData...
2024-09-05 04:15:07,473 [WARNING] Missing FULL NAME in the data.
2024-09-05 04:15:07,473 [WARNING] Missing PHONE # in the data.
2024-09-05 04:15:07,473 [WARNING] Missing CNIC # in the data.
2024-09-05 04:15:07,473 [WARNING] Missing ADDRESS in the data.
2024-09-05 04:15:07,473 [WARNING] Missing FULL NAME in the data.
2024-09-05 04:15:07,474 [WARNING] Missing PHONE # in the data.
2024-09-05 04:15:07,474 [WARNING] Missing CNIC # in the data.
2024-09-05 04:15:07,474 [WARNING] Missing ADDRESS in the data.
2024-09-05 04:15:07,474 [WARNING] Missing FULL NAME in the data.
2024-09-05 04:15:07,474 [WARNING] Missing PHONE # in the data.
2024-09-05 04:15:07,474 [WARNING] Missing CNIC # in the data.
2024-09-05 04:15:07,474 [WARNING] Missing ADDRESS in the data.
2024-09-05 04:15:07,474 [WARNING] Missing FULL NAME in the data.
2024-09-05 04:15:07,474 [WARNING] Missing PHONE # in the data.
2024-09-05 04:15:07,475 [WARNING] Missing CNIC # in the data.
2024-09-05 04:15:07,475 [WARNING] Missing ADDRESS in the data.
2024-09-05 04:15:07,475 [WARNING] Missing FULL NAME in the data.
2024-09-05 04:15:07,475 [WARNING] Missing PHONE # in the data.
2024-09-05 04:15:07,475 [WARNING] Missing CNIC # in the data.
2024-09-05 04:15:07,475 [WARNING] Missing ADDRESS in the data.
2024-09-05 04:15:07,475 [INFO] SimOwnerData parsed successfully.
2024-09-05 04:15:07,475 [INFO] SimOwnerData fetched and parsed successfully.
2024-09-05 04:15:07,476 [INFO] Fetching SimDatabaseInfo...
2024-09-05 04:15:08,241 [INFO] Parsing SimDatabaseInfo...
2024-09-05 04:15:08,267 [INFO] SimDatabaseInfo parsed successfully.
2024-09-05 04:15:08,267 [INFO] SimDatabaseInfo fetched successfully.
2024-09-05 04:15:08,269 [INFO] Data exported to JSON file: 3457962931_sim_data.json
2024-09-05 04:17:05,028 [INFO] User initiated data extraction for phone number: 3457962931
2024-09-05 04:17:40,040 [INFO] User initiated data extraction for phone number: 3457962931
2024-09-05 04:17:40,041 [INFO] Initialized SimInfoExtractor for phone number: 3457962931
2024-09-05 04:17:40,041 [INFO] Fetching SimInfo data...
2024-09-05 04:17:43,525 [INFO] SimInfo data fetched successfully.
2024-09-05 04:17:43,527 [INFO] Parsing SimInfo data...
2024-09-05 04:17:43,570 [INFO] SimInfo data parsed successfully.
2024-09-05 04:17:43,570 [INFO] Fetching SimOwnerData...
2024-09-05 04:17:44,921 [INFO] Parsing SimOwnerData...
2024-09-05 04:17:44,928 [INFO] SimOwnerData parsed successfully.
2024-09-05 04:17:44,928 [INFO] SimOwnerData fetched and parsed successfully.
2024-09-05 04:17:44,928 [INFO] Fetching SimDatabaseInfo...
2024-09-05 04:17:45,626 [INFO] Parsing SimDatabaseInfo...
2024-09-05 04:17:45,654 [INFO] SimDatabaseInfo parsed successfully.
2024-09-05 04:17:45,655 [INFO] SimDatabaseInfo fetched successfully.
2024-09-05 04:17:45,656 [INFO] Data exported to JSON file: 3457962931_sim_data.json
2024-09-05 04:20:33,193 [INFO] User initiated data extraction for phone number: 3457962931
2024-09-05 04:20:33,193 [INFO] Initialized SimInfoExtractor for phone number: 3457962931
2024-09-05 04:20:33,193 [INFO] Fetching SimInfo data...
2024-09-05 04:20:35,839 [INFO] SimInfo data fetched successfully.
2024-09-05 04:20:35,840 [INFO] Parsing SimInfo data...
2024-09-05 04:20:35,877 [INFO] SimInfo data parsed successfully.
2024-09-05 04:20:35,877 [INFO] Fetching SimOwnerData...
2024-09-05 04:20:37,333 [INFO] Parsing SimOwnerData...
2024-09-05 04:20:37,340 [INFO] SimOwnerData parsed successfully.
2024-09-05 04:20:37,340 [INFO] SimOwnerData fetched and parsed successfully.
2024-09-05 04:20:37,340 [INFO] Fetching SimDatabaseInfo...
2024-09-05 04:20:38,275 [INFO] Parsing SimDatabaseInfo...
2024-09-05 04:20:38,302 [INFO] SimDatabaseInfo parsed successfully.
2024-09-05 04:20:38,302 [INFO] SimDatabaseInfo fetched successfully.
2024-09-05 04:21:52,250 [INFO] User initiated data extraction for phone number: 3457963029
2024-09-05 04:21:52,250 [INFO] Initialized SimInfoExtractor for phone number: 3457963029
2024-09-05 04:21:52,250 [INFO] Fetching SimInfo data...
2024-09-05 04:21:55,073 [INFO] SimInfo data fetched successfully.
2024-09-05 04:21:55,073 [INFO] Parsing SimInfo data...
2024-09-05 04:21:55,115 [INFO] SimInfo data parsed successfully.
2024-09-05 04:21:55,116 [INFO] Fetching SimOwnerData...
2024-09-05 04:21:56,695 [INFO] Parsing SimOwnerData...
2024-09-05 04:21:56,702 [INFO] SimOwnerData parsed successfully.
2024-09-05 04:21:56,702 [INFO] SimOwnerData fetched and parsed successfully.
2024-09-05 04:21:56,703 [INFO] Fetching SimDatabaseInfo...
2024-09-05 04:21:57,369 [INFO] Parsing SimDatabaseInfo...
2024-09-05 04:21:57,402 [INFO] SimDatabaseInfo parsed successfully.
2024-09-05 04:21:57,402 [INFO] SimDatabaseInfo fetched successfully.
2024-09-05 04:21:57,403 [INFO] Data exported to JSON file: 3457963029_sim_data.json
2024-09-07 15:05:17,802 [INFO] User initiated data extraction for phone number: 3454464226
2024-09-07 15:05:17,803 [INFO] Initialized SimInfoExtractor for phone number: 3454464226
2024-09-07 15:05:17,803 [INFO] Fetching SimInfo data...
2024-09-07 15:05:20,685 [INFO] SimInfo data fetched successfully.
2024-09-07 15:05:20,686 [INFO] Parsing SimInfo data...
2024-09-07 15:05:20,726 [INFO] SimInfo data parsed successfully.
2024-09-07 15:05:20,727 [INFO] Fetching SimOwnerData...
2024-09-07 15:05:22,477 [INFO] Parsing SimOwnerData...
2024-09-07 15:05:22,486 [INFO] SimOwnerData parsed successfully.
2024-09-07 15:05:22,486 [INFO] SimOwnerData fetched and parsed successfully.
2024-09-07 15:05:22,486 [INFO] Fetching SimDatabaseInfo...
2024-09-07 15:05:23,445 [INFO] Parsing SimDatabaseInfo...
2024-09-07 15:05:23,467 [INFO] SimDatabaseInfo parsed successfully.
2024-09-07 15:05:23,468 [INFO] SimDatabaseInfo fetched successfully.
2024-09-07 15:05:23,468 [INFO] Data exported to JSON file: 3454464226_sim_data.json
2024-09-11 18:25:45,134 [INFO] User initiated data extraction for phone number: 3357107765
2024-09-11 18:25:45,135 [INFO] Initialized SimInfoExtractor for phone number: 3357107765
2024-09-11 18:25:45,135 [INFO] Fetching SimInfo data...
2024-09-11 18:25:51,094 [INFO] SimInfo data fetched successfully.
2024-09-11 18:25:51,094 [INFO] Parsing SimInfo data...
2024-09-11 18:25:51,125 [INFO] SimInfo data parsed successfully.
2024-09-11 18:25:51,125 [INFO] Fetching SimOwnerData...
2024-09-11 18:26:04,626 [ERROR] Error fetching SimOwnerData: HTTPSConnectionPool(host='simownerdata.com.pk', port=443): Read timed out. (read timeout=10)
2024-09-11 18:26:19,097 [INFO] Fetching SimDatabaseInfo...
2024-09-11 18:26:24,752 [INFO] Parsing SimDatabaseInfo...
2024-09-11 18:26:24,763 [INFO] SimDatabaseInfo parsed successfully.
2024-09-11 18:26:24,764 [INFO] SimDatabaseInfo fetched successfully.
2024-09-11 18:26:24,764 [INFO] Data exported to JSON file: 3357107765_sim_data.json
2024-09-11 18:27:00,231 [INFO] User initiated data extraction for phone number: 3240267410123
2024-09-11 18:27:00,231 [INFO] Initialized SimInfoExtractor for phone number: 3240267410123
2024-09-11 18:27:00,231 [INFO] Fetching SimInfo data...
2024-09-11 18:27:02,794 [INFO] SimInfo data fetched successfully.
2024-09-11 18:27:02,794 [INFO] Parsing SimInfo data...
2024-09-11 18:27:02,808 [INFO] SimInfo data parsed successfully.
2024-09-11 18:27:02,809 [INFO] Fetching SimOwnerData...
2024-09-11 18:27:12,869 [ERROR] Error fetching SimOwnerData: HTTPSConnectionPool(host='simownerdata.com.pk', port=443): Read timed out. (read timeout=10)
2024-09-11 18:27:14,433 [INFO] Fetching SimDatabaseInfo...
2024-09-11 18:27:14,963 [INFO] Parsing SimDatabaseInfo...
2024-09-11 18:27:14,973 [INFO] SimDatabaseInfo parsed successfully.
2024-09-11 18:27:14,973 [INFO] SimDatabaseInfo fetched successfully.
2024-09-11 18:27:14,974 [INFO] Data exported to JSON file: 3240267410123_sim_data.json
2024-09-16 10:21:41,765 [INFO] User initiated data extraction for phone number: 3465533935
2024-09-16 10:21:41,766 [INFO] Initialized SimInfoExtractor for phone number: 3465533935
2024-09-16 10:21:41,766 [INFO] Fetching SimInfo data...
2024-09-16 10:21:44,492 [INFO] SimInfo data fetched successfully.
2024-09-16 10:21:44,493 [INFO] Parsing SimInfo data...
2024-09-16 10:21:44,507 [INFO] SimInfo data parsed successfully.
2024-09-16 10:21:44,508 [INFO] Fetching SimOwnerData...
2024-09-16 10:21:46,609 [INFO] Parsing SimOwnerData...
2024-09-16 10:21:46,612 [INFO] SimOwnerData parsed successfully.
2024-09-16 10:21:46,612 [INFO] SimOwnerData fetched and parsed successfully.
2024-09-16 10:21:46,613 [INFO] Fetching SimDatabaseInfo...
2024-09-16 10:21:48,476 [INFO] Parsing SimDatabaseInfo...
2024-09-16 10:21:48,488 [INFO] SimDatabaseInfo parsed successfully.
2024-09-16 10:21:48,488 [INFO] SimDatabaseInfo fetched successfully.
2024-09-16 10:21:48,488 [INFO] Data exported to JSON file: 3465533935_sim_data.json
2024-09-16 10:22:56,857 [INFO] User initiated data extraction for phone number: 3288188512
2024-09-16 10:22:56,857 [INFO] Initialized SimInfoExtractor for phone number: 3288188512
2024-09-16 10:22:56,857 [INFO] Fetching SimInfo data...
2024-09-16 10:22:59,257 [INFO] SimInfo data fetched successfully.
2024-09-16 10:22:59,257 [INFO] Parsing SimInfo data...
2024-09-16 10:22:59,268 [ERROR] Error parsing SimInfo data: 'NoneType' object has no attribute 'find_next_sibling'
2024-09-16 10:23:01,736 [INFO] Fetching SimOwnerData...
2024-09-16 10:23:03,537 [INFO] Parsing SimOwnerData...
2024-09-16 10:23:03,537 [INFO] SimOwnerData parsed successfully.
2024-09-16 10:23:03,537 [INFO] SimOwnerData fetched and parsed successfully.
2024-09-16 10:23:03,537 [INFO] Fetching SimDatabaseInfo...
2024-09-16 10:23:04,169 [INFO] Parsing SimDatabaseInfo...
2024-09-16 10:23:04,178 [INFO] SimDatabaseInfo parsed successfully.
2024-09-16 10:23:04,178 [INFO] SimDatabaseInfo fetched successfully.
2024-09-16 10:23:04,178 [INFO] Data exported to JSON file: 3288188512_sim_data.json
2024-09-16 10:23:22,419 [INFO] User initiated data extraction for phone number: 3288188512
2024-09-16 10:23:22,419 [INFO] Initialized SimInfoExtractor for phone number: 3288188512
2024-09-16 10:23:22,419 [INFO] Fetching SimInfo data...
2024-09-16 10:23:24,751 [INFO] SimInfo data fetched successfully.
2024-09-16 10:23:24,752 [INFO] Parsing SimInfo data...
2024-09-16 10:23:24,762 [ERROR] Error parsing SimInfo data: 'NoneType' object has no attribute 'find_next_sibling'
2024-09-16 10:23:26,583 [INFO] Fetching SimOwnerData...
2024-09-16 10:23:28,223 [INFO] Parsing SimOwnerData...
2024-09-16 10:23:28,223 [INFO] SimOwnerData parsed successfully.
2024-09-16 10:23:28,223 [INFO] SimOwnerData fetched and parsed successfully.
2024-09-16 10:23:28,223 [INFO] Fetching SimDatabaseInfo...
2024-09-16 10:23:28,876 [INFO] Parsing SimDatabaseInfo...
2024-09-16 10:23:28,886 [INFO] SimDatabaseInfo parsed successfully.
2024-09-16 10:23:28,886 [INFO] SimDatabaseInfo fetched successfully.
2024-09-16 10:23:28,887 [INFO] Data exported to JSON file: 3288188512_sim_data.json
2024-09-16 10:23:41,191 [INFO] User initiated data extraction for phone number: 3288188512
2024-09-16 10:23:41,191 [INFO] Initialized SimInfoExtractor for phone number: 3288188512
2024-09-16 10:23:41,191 [INFO] Fetching SimInfo data...
2024-09-16 10:23:43,698 [INFO] SimInfo data fetched successfully.
2024-09-16 10:23:43,698 [INFO] Parsing SimInfo data...
2024-09-16 10:23:43,708 [ERROR] Error parsing SimInfo data: 'NoneType' object has no attribute 'find_next_sibling'
2024-09-16 10:23:50,603 [INFO] Fetching SimOwnerData...
2024-09-16 10:23:52,641 [INFO] Parsing SimOwnerData...
2024-09-16 10:23:52,641 [INFO] SimOwnerData parsed successfully.
2024-09-16 10:23:52,641 [INFO] SimOwnerData fetched and parsed successfully.
2024-09-16 10:23:52,641 [INFO] Fetching SimDatabaseInfo...
2024-09-16 10:23:53,728 [INFO] Parsing SimDatabaseInfo...
2024-09-16 10:23:53,740 [INFO] SimDatabaseInfo parsed successfully.
2024-09-16 10:23:53,740 [INFO] SimDatabaseInfo fetched successfully.
2024-09-16 10:23:53,741 [INFO] Data exported to JSON file: 3288188512_sim_data.json
2024-09-16 10:24:48,772 [INFO] User initiated data extraction for phone number: 3288188512
2024-09-16 10:24:48,772 [INFO] Initialized SimInfoExtractor for phone number: 3288188512
2024-09-16 10:24:48,772 [INFO] Fetching SimInfo data...
2024-09-16 10:24:51,449 [INFO] SimInfo data fetched successfully.
2024-09-16 10:24:51,449 [INFO] Parsing SimInfo data...
2024-09-16 10:24:51,467 [ERROR] Error parsing SimInfo data: 'NoneType' object has no attribute 'find_next_sibling'
2024-09-16 10:25:01,209 [INFO] Fetching SimOwnerData...
2024-09-16 10:25:02,848 [INFO] Parsing SimOwnerData...
2024-09-16 10:25:02,848 [INFO] SimOwnerData parsed successfully.
2024-09-16 10:25:02,848 [INFO] SimOwnerData fetched and parsed successfully.
2024-09-16 10:25:02,848 [INFO] Fetching SimDatabaseInfo...
2024-09-16 10:25:03,642 [INFO] Parsing SimDatabaseInfo...
2024-09-16 10:25:03,652 [INFO] SimDatabaseInfo parsed successfully.
2024-09-16 10:25:03,652 [INFO] SimDatabaseInfo fetched successfully.
2024-09-16 10:25:03,652 [INFO] Data exported to JSON file: 3288188512_sim_data.json
2024-09-16 10:28:52,903 [INFO] User initiated data extraction for phone number: 3288188512
2024-09-16 10:28:52,903 [INFO] Initialized SimInfoExtractor for phone number: 3288188512
2024-09-16 10:28:52,903 [INFO] Fetching SimInfo data...
2024-09-16 10:28:55,800 [INFO] SimInfo data fetched successfully.
2024-09-16 10:28:55,800 [INFO] Parsing SimInfo data...
2024-09-16 10:28:55,811 [ERROR] Error parsing SimInfo data: 'NoneType' object has no attribute 'find_next_sibling'
2024-09-16 10:28:58,112 [INFO] Fetching SimOwnerData...
2024-09-16 10:29:00,071 [INFO] Parsing SimOwnerData...
2024-09-16 10:29:00,071 [INFO] SimOwnerData parsed successfully.
2024-09-16 10:29:00,071 [INFO] SimOwnerData fetched and parsed successfully.
2024-09-16 10:29:00,071 [INFO] Fetching SimDatabaseInfo...
2024-09-16 10:29:01,084 [INFO] Parsing SimDatabaseInfo...
2024-09-16 10:29:01,093 [INFO] SimDatabaseInfo parsed successfully.
2024-09-16 10:29:01,093 [INFO] SimDatabaseInfo fetched successfully.
2024-09-16 10:29:01,093 [INFO] Data exported to JSON file: 3288188512_sim_data.json
2024-09-16 10:29:19,119 [INFO] User initiated data extraction for phone number: 3465533935
2024-09-16 10:29:19,119 [INFO] Initialized SimInfoExtractor for phone number: 3465533935
2024-09-16 10:29:19,119 [INFO] Fetching SimInfo data...
2024-09-16 10:29:22,344 [INFO] SimInfo data fetched successfully.
2024-09-16 10:29:22,344 [INFO] Parsing SimInfo data...
2024-09-16 10:29:22,354 [INFO] SimInfo data parsed successfully.
2024-09-16 10:29:22,354 [INFO] Fetching SimOwnerData...
2024-09-16 10:29:25,378 [INFO] Parsing SimOwnerData...
2024-09-16 10:29:25,382 [INFO] SimOwnerData parsed successfully.
2024-09-16 10:29:25,382 [INFO] SimOwnerData fetched and parsed successfully.
2024-09-16 10:29:25,382 [INFO] Fetching SimDatabaseInfo...
2024-09-16 10:29:26,510 [INFO] Parsing SimDatabaseInfo...
2024-09-16 10:29:26,520 [INFO] SimDatabaseInfo parsed successfully.
2024-09-16 10:29:26,520 [INFO] SimDatabaseInfo fetched successfully.
2024-09-16 10:29:26,520 [INFO] Data exported to JSON file: 3465533935_sim_data.json
2024-09-16 10:30:28,676 [INFO] User initiated data extraction for phone number: 3465533894
2024-09-16 10:30:28,676 [INFO] Initialized SimInfoExtractor for phone number: 3465533894
2024-09-16 10:30:28,676 [INFO] Fetching SimInfo data...
2024-09-16 10:30:31,242 [INFO] SimInfo data fetched successfully.
2024-09-16 10:30:31,242 [INFO] Parsing SimInfo data...
2024-09-16 10:30:31,253 [INFO] SimInfo data parsed successfully.
2024-09-16 10:30:31,253 [INFO] Fetching SimOwnerData...
2024-09-16 10:30:33,103 [INFO] Parsing SimOwnerData...
2024-09-16 10:30:33,106 [INFO] SimOwnerData parsed successfully.
2024-09-16 10:30:33,106 [INFO] SimOwnerData fetched and parsed successfully.
2024-09-16 10:30:33,106 [INFO] Fetching SimDatabaseInfo...
2024-09-16 10:30:33,857 [INFO] Parsing SimDatabaseInfo...
2024-09-16 10:30:33,867 [INFO] SimDatabaseInfo parsed successfully.
2024-09-16 10:30:33,867 [INFO] SimDatabaseInfo fetched successfully.
2024-09-16 10:30:33,868 [INFO] Data exported to JSON file: 3465533894_sim_data.json
2024-09-16 10:30:57,609 [INFO] User initiated data extraction for phone number: 3320324985733
2024-09-16 10:30:57,609 [INFO] Initialized SimInfoExtractor for phone number: 3320324985733
2024-09-16 10:30:57,609 [INFO] Fetching SimInfo data...
2024-09-16 10:31:00,637 [INFO] SimInfo data fetched successfully.
2024-09-16 10:31:00,637 [INFO] Parsing SimInfo data...
2024-09-16 10:31:00,647 [INFO] SimInfo data parsed successfully.
2024-09-16 10:31:00,647 [INFO] Fetching SimOwnerData...
2024-09-16 10:31:02,797 [INFO] Parsing SimOwnerData...
2024-09-16 10:31:02,798 [INFO] SimOwnerData parsed successfully.
2024-09-16 10:31:02,798 [INFO] SimOwnerData fetched and parsed successfully.
2024-09-16 10:31:02,798 [INFO] Fetching SimDatabaseInfo...
2024-09-16 10:31:03,577 [INFO] Parsing SimDatabaseInfo...
2024-09-16 10:31:03,595 [INFO] SimDatabaseInfo parsed successfully.
2024-09-16 10:31:03,595 [INFO] SimDatabaseInfo fetched successfully.
2024-09-16 10:31:03,596 [INFO] Data exported to JSON file: 3320324985733_sim_data.json
2024-09-16 10:31:33,012 [INFO] User initiated data extraction for phone number: 3320324985732
2024-09-16 10:31:33,012 [INFO] Initialized SimInfoExtractor for phone number: 3320324985732
2024-09-16 10:31:33,012 [INFO] Fetching SimInfo data...
2024-09-16 10:31:35,749 [INFO] SimInfo data fetched successfully.
2024-09-16 10:31:35,749 [INFO] Parsing SimInfo data...
2024-09-16 10:31:35,759 [ERROR] Error parsing SimInfo data: 'NoneType' object has no attribute 'find_next_sibling'
2024-09-16 10:31:37,345 [INFO] Fetching SimOwnerData...
2024-09-16 10:31:38,935 [INFO] Parsing SimOwnerData...
2024-09-16 10:31:38,936 [INFO] SimOwnerData parsed successfully.
2024-09-16 10:31:38,936 [INFO] SimOwnerData fetched and parsed successfully.
2024-09-16 10:31:38,936 [INFO] Fetching SimDatabaseInfo...
2024-09-16 10:31:39,658 [INFO] Parsing SimDatabaseInfo...
2024-09-16 10:31:39,667 [INFO] SimDatabaseInfo parsed successfully.
2024-09-16 10:31:39,667 [INFO] SimDatabaseInfo fetched successfully.
2024-09-16 10:31:39,667 [INFO] Data exported to JSON file: 3320324985732_sim_data.json
2024-09-16 10:31:50,087 [INFO] User initiated data extraction for phone number: 3320324985734
2024-09-16 10:31:50,087 [INFO] Initialized SimInfoExtractor for phone number: 3320324985734
2024-09-16 10:31:50,089 [INFO] Fetching SimInfo data...
2024-09-16 10:31:53,075 [INFO] SimInfo data fetched successfully.
2024-09-16 10:31:53,075 [INFO] Parsing SimInfo data...
2024-09-16 10:31:53,086 [ERROR] Error parsing SimInfo data: 'NoneType' object has no attribute 'find_next_sibling'
2024-09-16 10:31:54,712 [INFO] Fetching SimOwnerData...
2024-09-16 10:31:57,223 [INFO] Parsing SimOwnerData...
2024-09-16 10:31:57,224 [INFO] SimOwnerData parsed successfully.
2024-09-16 10:31:57,224 [INFO] SimOwnerData fetched and parsed successfully.
2024-09-16 10:31:57,224 [INFO] Fetching SimDatabaseInfo...
2024-09-16 10:31:59,133 [INFO] Parsing SimDatabaseInfo...
2024-09-16 10:31:59,143 [INFO] SimDatabaseInfo parsed successfully.
2024-09-16 10:31:59,143 [INFO] SimDatabaseInfo fetched successfully.
2024-09-16 10:31:59,143 [INFO] Data exported to JSON file: 3320324985734_sim_data.json
2024-09-16 10:33:02,800 [INFO] User initiated data extraction for phone number: 3457963029
2024-09-16 10:33:02,801 [INFO] Initialized SimInfoExtractor for phone number: 3457963029
2024-09-16 10:33:02,801 [INFO] Fetching SimInfo data...
2024-09-16 10:33:05,557 [INFO] SimInfo data fetched successfully.
2024-09-16 10:33:05,557 [INFO] Parsing SimInfo data...
2024-09-16 10:33:05,569 [INFO] SimInfo data parsed successfully.
2024-09-16 10:33:05,569 [INFO] Fetching SimOwnerData...
2024-09-16 10:33:07,838 [INFO] Parsing SimOwnerData...
2024-09-16 10:33:07,840 [INFO] SimOwnerData parsed successfully.
2024-09-16 10:33:07,840 [INFO] SimOwnerData fetched and parsed successfully.
2024-09-16 10:33:07,840 [INFO] Fetching SimDatabaseInfo...
2024-09-16 10:33:08,694 [INFO] Parsing SimDatabaseInfo...
2024-09-16 10:33:08,704 [INFO] SimDatabaseInfo parsed successfully.
2024-09-16 10:33:08,704 [INFO] SimDatabaseInfo fetched successfully.
2024-09-16 10:33:08,705 [INFO] Data exported to JSON file: 3457963029_sim_data.json
2024-09-16 10:33:14,303 [INFO] User initiated data extraction for phone number: 3457963020
2024-09-16 10:33:14,303 [INFO] Initialized SimInfoExtractor for phone number: 3457963020
2024-09-16 10:33:14,303 [INFO] Fetching SimInfo data...
2024-09-16 10:33:17,068 [INFO] SimInfo data fetched successfully.
2024-09-16 10:33:17,069 [INFO] Parsing SimInfo data...
2024-09-16 10:33:17,079 [INFO] SimInfo data parsed successfully.
2024-09-16 10:33:17,079 [INFO] Fetching SimOwnerData...
2024-09-16 10:33:19,137 [INFO] Parsing SimOwnerData...
2024-09-16 10:33:19,140 [INFO] SimOwnerData parsed successfully.
2024-09-16 10:33:19,140 [INFO] SimOwnerData fetched and parsed successfully.
2024-09-16 10:33:19,140 [INFO] Fetching SimDatabaseInfo...
2024-09-16 10:33:19,924 [INFO] Parsing SimDatabaseInfo...
2024-09-16 10:33:19,936 [INFO] SimDatabaseInfo parsed successfully.
2024-09-16 10:33:19,936 [INFO] SimDatabaseInfo fetched successfully.
2024-09-16 10:33:19,937 [INFO] Data exported to JSON file: 3457963020_sim_data.json
2024-10-14 15:29:36,152 [INFO] User initiated data extraction for phone number: 3310578180021
2024-10-14 15:29:36,152 [INFO] Initialized SimInfoExtractor for phone number: 3310578180021
2024-10-14 15:29:36,152 [INFO] Fetching SimInfo data...
2024-10-14 15:29:42,302 [INFO] SimInfo data fetched successfully.
2024-10-14 15:29:42,303 [INFO] Parsing SimInfo data...
2024-10-14 15:29:42,317 [INFO] SimInfo data parsed successfully.
2024-10-14 15:29:42,318 [INFO] Fetching SimOwnerData...
2024-10-14 15:29:43,018 [INFO] Parsing SimOwnerData...
2024-10-14 15:29:43,020 [INFO] SimOwnerData parsed successfully.
2024-10-14 15:29:43,020 [INFO] SimOwnerData fetched and parsed successfully.
2024-10-14 15:29:43,020 [INFO] Fetching SimDatabaseInfo...
2024-10-14 15:29:44,376 [INFO] Parsing SimDatabaseInfo...
2024-10-14 15:29:44,398 [INFO] SimDatabaseInfo parsed successfully.
2024-10-14 15:29:44,399 [INFO] SimDatabaseInfo fetched successfully.
2024-10-14 15:29:44,399 [INFO] Data exported to JSON file: 3310578180021_sim_data.json
2024-10-14 15:37:16,856 [INFO] User initiated data extraction for phone number: 3310578180021
2024-10-14 15:37:16,856 [INFO] Initialized SimInfoExtractor for phone number: 3310578180021
2024-10-14 15:37:16,856 [INFO] Fetching SimInfo data...
2024-10-14 15:37:19,391 [INFO] SimInfo data fetched successfully.
2024-10-14 15:37:19,392 [INFO] Parsing SimInfo data...
2024-10-14 15:37:19,416 [INFO] SimInfo data parsed successfully.
2024-10-14 15:37:19,416 [INFO] Fetching SimOwnerData...
2024-10-14 15:37:20,997 [INFO] Parsing SimOwnerData...
2024-10-14 15:37:20,998 [INFO] SimOwnerData parsed successfully.
2024-10-14 15:37:20,998 [INFO] SimOwnerData fetched and parsed successfully.
2024-10-14 15:37:20,998 [INFO] Fetching SimDatabaseInfo...
2024-10-14 15:37:21,584 [INFO] Parsing SimDatabaseInfo...
2024-10-14 15:37:21,599 [INFO] SimDatabaseInfo parsed successfully.
2024-10-14 15:37:21,599 [INFO] SimDatabaseInfo fetched successfully.
2024-10-14 15:37:21,601 [INFO] Data exported to JSON file: 3310578180021_sim_data.json
2024-10-14 15:42:59,935 [INFO] User initiated data extraction for phone number: 3310578180021
2024-10-14 15:42:59,935 [INFO] Initialized SimInfoExtractor for phone number: 3310578180021
2024-10-14 15:42:59,935 [INFO] Fetching SimInfo data...
2024-10-14 15:43:08,207 [INFO] SimInfo data fetched successfully.
2024-10-14 15:43:08,207 [INFO] Parsing SimInfo data...
2024-10-14 15:43:08,223 [INFO] SimInfo data parsed successfully.
2024-10-14 15:43:08,223 [INFO] Fetching SimOwnerData...
2024-10-14 15:43:08,945 [INFO] Parsing SimOwnerData...
2024-10-14 15:43:08,946 [INFO] SimOwnerData parsed successfully.
2024-10-14 15:43:08,946 [INFO] SimOwnerData fetched and parsed successfully.
2024-10-14 15:43:08,946 [INFO] Fetching SimDatabaseInfo...
2024-10-14 15:43:10,092 [INFO] Parsing SimDatabaseInfo...
2024-10-14 15:43:10,114 [INFO] SimDatabaseInfo parsed successfully.
2024-10-14 15:43:10,114 [INFO] SimDatabaseInfo fetched successfully.
2024-10-14 15:43:10,114 [INFO] Data exported to JSON file: 3310578180021_sim_data.json
2024-10-14 15:43:14,536 [INFO] User initiated data extraction for CNIC: 3310578180021
2024-10-14 15:43:14,536 [INFO] Initialized SimInfoExtractor for phone number: 3310578180021
2024-10-14 15:43:14,536 [INFO] Checking SIM information for CNIC: 3310578180021...
2024-10-14 15:43:14,752 [INFO] Parsing CNIC SIM information...
2024-10-14 15:43:14,755 [INFO] CNIC SIM information parsed successfully.
2024-10-14 15:43:14,755 [INFO] CNIC information fetched successfully.
2024-10-14 15:43:50,326 [INFO] User initiated data extraction for CNIC: 3310578180021
2024-10-14 15:43:55,068 [INFO] Initialized SimInfoExtractor for phone number: 3310578180021
2024-10-14 15:44:07,749 [INFO] Checking SIM information for CNIC: 3310578180021...
2024-10-14 15:45:09,506 [INFO] Parsing CNIC SIM information...
2024-10-14 15:45:09,514 [INFO] CNIC SIM information parsed successfully.
2024-10-14 15:45:15,559 [INFO] Parsing CNIC SIM information...
2024-10-14 15:45:15,569 [INFO] CNIC SIM information parsed successfully.
2024-10-14 15:45:16,329 [INFO] Parsing CNIC SIM information...
2024-10-14 15:45:16,340 [INFO] CNIC SIM information parsed successfully.
2024-10-14 15:48:12,934 [INFO] User initiated data extraction for CNIC: 3310578180021
2024-10-14 15:48:12,934 [INFO] Initialized SimInfoExtractor for phone number: 3310578180021
2024-10-14 15:48:12,936 [INFO] Checking SIM information for CNIC: 3310578180021...
2024-10-14 15:48:15,385 [INFO] Parsing CNIC SIM information...
2024-10-14 15:48:41,696 [INFO] User initiated data extraction for CNIC: 3310578180021
2024-10-14 15:48:41,696 [INFO] Initialized SimInfoExtractor for phone number: 3310578180021
2024-10-14 15:48:41,696 [INFO] Checking SIM information for CNIC: 3310578180021...
2024-10-14 15:48:42,159 [INFO] Parsing CNIC SIM information...
2024-10-14 15:48:42,180 [INFO] CNIC SIM information parsed successfully.
2024-10-14 15:48:42,180 [INFO] CNIC information fetched successfully.
2024-10-14 15:51:16,589 [INFO] User initiated data extraction for CNIC: 3310578180021
2024-10-14 15:51:16,589 [INFO] Initialized SimInfoExtractor for phone number: 3310578180021
2024-10-14 15:51:16,589 [INFO] Checking SIM information for CNIC: 3310578180021...
2024-10-14 15:51:16,728 [INFO] Parsing CNIC SIM information...
2024-10-14 15:51:16,745 [INFO] CNIC SIM information parsed successfully.
2024-10-14 15:51:16,746 [INFO] CNIC information fetched successfully.
2024-10-14 15:51:34,981 [INFO] User initiated data extraction for CNIC: 3310578180021
2024-10-14 15:51:34,981 [INFO] Initialized SimInfoExtractor for phone number: 3310578180021
2024-10-14 15:51:34,984 [INFO] Checking SIM information for CNIC: 3310578180021...
2024-10-14 16:03:56,367 [INFO] Parsing CNIC SIM information...
2024-10-14 16:03:56,387 [INFO] CNIC SIM information parsed successfully.
2024-10-14 16:03:56,387 [INFO] CNIC information fetched successfully.
2024-10-14 16:03:56,399 [INFO] User initiated data extraction for CNIC: 3310578180021
2024-10-14 16:03:56,399 [INFO] Initialized SimInfoExtractor for phone number: 3310578180021
2024-10-14 16:03:56,399 [INFO] Checking SIM information for CNIC: 3310578180021...
2024-10-14 16:03:56,619 [INFO] Parsing CNIC SIM information...
2024-10-14 16:03:56,632 [INFO] CNIC SIM information parsed successfully.
2024-10-14 16:03:56,632 [INFO] CNIC information fetched successfully.
2024-10-14 16:04:12,688 [INFO] User initiated data extraction for phone number: 3337465688
2024-10-14 16:04:12,688 [INFO] Initialized SimInfoExtractor for phone number: 3337465688
2024-10-14 16:04:12,688 [INFO] Fetching SimInfo data...
2024-10-14 16:04:15,762 [INFO] SimInfo data fetched successfully.
2024-10-14 16:04:15,763 [INFO] Parsing SimInfo data...
2024-10-14 16:04:15,811 [INFO] SimInfo data parsed successfully.
2024-10-14 16:04:15,811 [INFO] Fetching SimOwnerData...
2024-10-14 16:04:16,433 [INFO] Parsing SimOwnerData...
2024-10-14 16:04:16,434 [INFO] SimOwnerData parsed successfully.
2024-10-14 16:04:16,434 [INFO] SimOwnerData fetched and parsed successfully.
2024-10-14 16:04:16,434 [INFO] Fetching SimDatabaseInfo...
2024-10-14 16:04:17,613 [INFO] Parsing SimDatabaseInfo...
2024-10-14 16:04:17,656 [INFO] SimDatabaseInfo parsed successfully.
2024-10-14 16:04:17,656 [INFO] SimDatabaseInfo fetched successfully.
2024-10-14 16:04:17,657 [INFO] Data exported to JSON file: 3337465688_sim_data.json
2024-10-14 16:07:37,944 [INFO] User initiated data extraction for phone number: 3310578170521
2024-10-14 16:07:37,944 [INFO] Initialized SimInfoExtractor for phone number: 3310578170521
2024-10-14 16:07:37,945 [INFO] Fetching SimInfo data...
2024-10-14 16:07:40,901 [INFO] SimInfo data fetched successfully.
2024-10-14 16:07:40,902 [INFO] Parsing SimInfo data...
2024-10-14 16:07:40,962 [INFO] SimInfo data parsed successfully.
2024-10-14 16:07:40,963 [INFO] Fetching SimOwnerData...
2024-10-14 16:07:42,122 [INFO] Parsing SimOwnerData...
2024-10-14 16:07:42,124 [INFO] SimOwnerData parsed successfully.
2024-10-14 16:07:42,124 [INFO] SimOwnerData fetched and parsed successfully.
2024-10-14 16:07:42,125 [INFO] Fetching SimDatabaseInfo...
2024-10-14 16:07:48,490 [INFO] Parsing SimDatabaseInfo...
2024-10-14 16:07:48,529 [INFO] SimDatabaseInfo parsed successfully.
2024-10-14 16:07:48,529 [INFO] SimDatabaseInfo fetched successfully.
2024-10-14 16:07:48,530 [INFO] Data exported to JSON file: 3310578170521_sim_data.json
2024-10-14 16:07:51,184 [INFO] User initiated data extraction for CNIC: 3310578170521
2024-10-14 16:07:51,184 [INFO] Initialized SimInfoExtractor for phone number: 3310578170521
2024-10-14 16:07:51,184 [INFO] Checking SIM information for CNIC: 3310578170521...
2024-10-14 16:07:51,328 [INFO] Parsing CNIC SIM information...
2024-10-14 16:07:51,347 [INFO] CNIC SIM information parsed successfully.
2024-10-14 16:07:51,348 [INFO] CNIC information fetched successfully.
2024-10-14 18:24:16,648 [INFO] User initiated data extraction for phone number: 3029887876
2024-10-14 18:24:16,649 [INFO] Initialized SimInfoExtractor for phone number: 3029887876
2024-10-14 18:24:16,649 [INFO] Fetching SimInfo data...
2024-10-14 18:24:19,164 [INFO] SimInfo data fetched successfully.
2024-10-14 18:24:19,165 [INFO] Parsing SimInfo data...
2024-10-14 18:24:19,215 [INFO] SimInfo data parsed successfully.
2024-10-14 18:24:19,216 [INFO] Fetching SimOwnerData...
2024-10-14 18:24:20,085 [INFO] Parsing SimOwnerData...
2024-10-14 18:24:20,087 [INFO] SimOwnerData parsed successfully.
2024-10-14 18:24:20,087 [INFO] SimOwnerData fetched and parsed successfully.
2024-10-14 18:24:20,087 [INFO] Fetching SimDatabaseInfo...
2024-10-14 18:24:21,272 [INFO] Parsing SimDatabaseInfo...
2024-10-14 18:24:21,295 [INFO] SimDatabaseInfo parsed successfully.
2024-10-14 18:24:21,296 [INFO] SimDatabaseInfo fetched successfully.
2024-10-14 18:24:21,297 [INFO] Data exported to JSON file: 3029887876_sim_data.json
